1 10 20
100 200 125
201 210 89
900 1000 174
2 2 2
1 1 1
2 1 2
3599 2824 217
3270 5744 238
5544 5166 205
2753 7985 262
6048 6836 262
773 75 171
3966 987 238
331 1745 182
4938 1500 238
2307 4875 238
4 4 3
5 4 6
2 2 2
2638 7348 262
834 5778 238
3412 1463 217
7736 342 262
1503 5872 238
2798 3340 217
6376 2934 262
6639 2109 262
3437 7588 262
3719 2829 238
176 6399 262
7561 6213 257
6809 3583 262
5129 1899 238
6884 1524 262
8 896 179
338 6166 238
3017 2706 217
4729 1959 238
4785 1329 238
1353 5354 238
2458 3476 217
3738 168 238
5510 3054 238
3737 131 238
2478 4874 238
1905 3515 217
278 3810 238
2327 1457 183
7251 1578 262
2252 5595 238
4959 2139 238
6466 2090 262
2880 6517 262
1963 6712 262
2096 4386 238
2378 5666 238
1126 2328 183
6695 620 262
3747 5602 236
3720 5849 236
2303 2795 209
7165 5613 262
2078 2815 209
2871 815 209
4956 5826 236
1703 157 182
1319 1788 180
6329 1044 262
3546 7667 262
3765 3489 238
934 4521 238
5033 2451 238
943 3371 217
4456 1498 238
5988 7077 262
4335 4713 215
2453 5225 238
4446 4865 197
3787 3316 238
5664 5174 236
19 4979 238
6026 4166 236
1168 1802 180
3713 6538 262
5890 2417 238
3715 691 238
158 7804 262
4124 2926 238
639 2773 209
3490 1395 217
1354 796 182
4612 3405 238
5414 206 238
6825 6885 182
1305 4116 238
3607 3958 238
3773 3203 238
3638 1261 217
987 2601 209
79 5184 238
5046 5996 236
4444 841 238
